Build started 1/23/2012 1:36:15 PM.
Project "\\vmware-host\Shared Folders\Desktop\AscensionControl\AscensionBackend\GetSynchronousRecordSample.vcxproj" on node 2 (build target(s)).
InitializeBuildStatus:
  Creating ".\Release\TrackerWrapper.unsuccessfulbuild" because "AlwaysCreate" was specified.
ClCompile:
  All outputs are up-to-date.
  All outputs are up-to-date.
ResourceCompile:
  C:\Program Files (x86)\Microsoft SDKs\Windows\v7.0A\bin\rc.exe /D NDEBUG /D _VC80_UPGRADE=0x0600 /l"0x0409" /nologo /fo".\Release\GetSynchronousRecordSample.res" GetSynchronousRecordSample.rc 
C:\Program Files (x86)\MSBuild\Microsoft.Cpp\v4.0\Microsoft.CppBuild.targets(990,5): warning MSB8012: TargetPath(\\vmware-host\Shared Folders\Desktop\AscensionControl\AscensionBackend\..\AscensionControl\bin\Release\TrackerWrapper.dll) does not match the Linker's OutputFile property value (\\vmware-host\Shared Folders\Desktop\AscensionControl\Binaries\GetSynchronousRecord.exe). This may cause your project to build incorrectly. To correct this, please make sure that $(OutDir), $(TargetName) and $(TargetExt) property values match the value specified in %(Link.OutputFile).
C:\Program Files (x86)\MSBuild\Microsoft.Cpp\v4.0\Microsoft.CppBuild.targets(991,5): warning MSB8012: TargetExt(.dll) does not match the Linker's OutputFile property value (.exe). This may cause your project to build incorrectly. To correct this, please make sure that $(OutDir), $(TargetName) and $(TargetExt) property values match the value specified in %(Link.OutputFile).
C:\Program Files (x86)\MSBuild\Microsoft.Cpp\v4.0\Microsoft.CppBuild.targets(992,5): warning MSB8012: TargetName(TrackerWrapper) does not match the Linker's OutputFile property value (GetSynchronousRecord). This may cause your project to build incorrectly. To correct this, please make sure that $(OutDir), $(TargetName) and $(TargetExt) property values match the value specified in %(Link.OutputFile).
Link:
  c:\Program Files (x86)\Microsoft Visual Studio 10.0\VC\bin\link.exe /ERRORREPORT:PROMPT /OUT:"../Binaries/GetSynchronousRecord.exe" /INCREMENTAL:NO /NOLOGO odbc32.lib odbccp32.lib kernel32.lib user32.lib gdi32.lib winspool.lib comdlg32.lib advapi32.lib shell32.lib ole32.lib oleaut32.lib uuid.lib odbc32.lib odbccp32.lib /MANIFEST /ManifestFile:".\Release\TrackerWrapper.dll.intermediate.manifest" /MANIFESTUAC:"level='asInvoker' uiAccess='false'" /PDB:"\\vmware-host\Shared Folders\Desktop\AscensionControl\AscensionControl\bin\Release\TrackerWrapper.pdb" /SUBSYSTEM:CONSOLE /TLBID:1 /DYNAMICBASE /NXCOMPAT /IMPLIB:"..\AscensionControl\bin\Release\TrackerWrapper.lib" /MACHINE:X86 /DLL .\Release\GetSynchronousRecordSample.res
  .\Release\StdAfx.obj
  .\Release\TrackerInterface.obj
  ATC3DG.lib
     Creating library ..\AscensionControl\bin\Release\TrackerWrapper.lib and object ..\AscensionControl\bin\Release\TrackerWrapper.exp
  GetSynchronousRecordSample.vcxproj -> \\vmware-host\Shared Folders\Desktop\AscensionControl\AscensionBackend\..\AscensionControl\bin\Release\TrackerWrapper.dll
Manifest:
  C:\Program Files (x86)\Microsoft SDKs\Windows\v7.0A\bin\mt.exe /nologo /verbose /outputresource:"../Binaries/GetSynchronousRecord.exe;#2" /manifest .\Release\TrackerWrapper.dll.intermediate.manifest
BscMake:
  All outputs are up-to-date.
FinalizeBuildStatus:
  Deleting file ".\Release\TrackerWrapper.unsuccessfulbuild".
  Touching ".\Release\TrackerWrapper.lastbuildstate".
Done Building Project "\\vmware-host\Shared Folders\Desktop\AscensionControl\AscensionBackend\GetSynchronousRecordSample.vcxproj" (build target(s)).

Build succeeded.

Time Elapsed 00:00:03.25
