\\vmware-host\Shared Folders\Desktop\AscensionControl\AscensionBackend\Release\BscMake.command.1.tlog
\\vmware-host\Shared Folders\Desktop\AscensionControl\AscensionBackend\Release\bscmake.read.1.tlog
\\vmware-host\Shared Folders\Desktop\AscensionControl\AscensionBackend\Release\bscmake.write.1.tlog
\\vmware-host\Shared Folders\Desktop\AscensionControl\AscensionBackend\Release\cl.command.1.tlog
\\vmware-host\Shared Folders\Desktop\AscensionControl\AscensionBackend\Release\CL.read.1.tlog
\\vmware-host\Shared Folders\Desktop\AscensionControl\AscensionBackend\Release\CL.write.1.tlog
\\VMWARE-HOST\SHARED FOLDERS\DESKTOP\ASCENSIONCONTROL\ASCENSIONBACKEND\RELEASE\GETSYNCHRONOUSRECORDSAMPLE.BSC
\\VMWARE-HOST\SHARED FOLDERS\DESKTOP\ASCENSIONCONTROL\ASCENSIONBACKEND\RELEASE\GETSYNCHRONOUSRECORDSAMPLE.PCH
\\vmware-host\Shared Folders\Desktop\AscensionControl\AscensionBackend\Release\GetSynchronousRecordSample.res
\\vmware-host\Shared Folders\Desktop\AscensionControl\AscensionBackend\Release\link.command.1.tlog
\\vmware-host\Shared Folders\Desktop\AscensionControl\AscensionBackend\Release\link.read.1.tlog
\\vmware-host\Shared Folders\Desktop\AscensionControl\AscensionBackend\Release\link.write.1.tlog
\\vmware-host\Shared Folders\Desktop\AscensionControl\AscensionBackend\Release\link-cvtres.read.1.tlog
\\vmware-host\Shared Folders\Desktop\AscensionControl\AscensionBackend\Release\link-cvtres.write.1.tlog
\\vmware-host\Shared Folders\Desktop\AscensionControl\AscensionBackend\Release\mt.command.1.tlog
\\vmware-host\Shared Folders\Desktop\AscensionControl\AscensionBackend\Release\mt.read.1.tlog
\\vmware-host\Shared Folders\Desktop\AscensionControl\AscensionBackend\Release\mt.write.1.tlog
\\vmware-host\Shared Folders\Desktop\AscensionControl\AscensionBackend\Release\rc.command.1.tlog
\\vmware-host\Shared Folders\Desktop\AscensionControl\AscensionBackend\Release\rc.read.1.tlog
\\vmware-host\Shared Folders\Desktop\AscensionControl\AscensionBackend\Release\rc.write.1.tlog
\\VMWARE-HOST\SHARED FOLDERS\DESKTOP\ASCENSIONCONTROL\ASCENSIONBACKEND\RELEASE\STDAFX.OBJ
\\VMWARE-HOST\SHARED FOLDERS\DESKTOP\ASCENSIONCONTROL\ASCENSIONBACKEND\RELEASE\STDAFX.SBR
\\vmware-host\Shared Folders\Desktop\AscensionControl\AscensionBackend\Release\TrackerInterface.obj
\\vmware-host\Shared Folders\Desktop\AscensionControl\AscensionBackend\Release\TrackerInterface.sbr
\\vmware-host\Shared Folders\Desktop\AscensionControl\AscensionBackend\Release\TrackerWrapper.dll.intermediate.manifest
\\vmware-host\Shared Folders\Desktop\AscensionControl\AscensionBackend\Release\TrackerWrapper.write.1.tlog
\\VMWARE-HOST\SHARED FOLDERS\DESKTOP\ASCENSIONCONTROL\ASCENSIONBACKEND\RELEASE\VC100.PDB
\\vmware-host\Shared Folders\Desktop\AscensionControl\AscensionControl\bin\Release\TrackerWrapper.exp
\\vmware-host\Shared Folders\Desktop\AscensionControl\AscensionControl\bin\Release\TrackerWrapper.lib
\\VMWARE-HOST\SHARED FOLDERS\DESKTOP\ASCENSIONCONTROL\BINARIES\GETSYNCHRONOUSRECORD.EXE
