Build started 7/7/2011 4:58:06 PM.
Project "C:\Users\Jesse Lingeman\Documents\Visual Studio 2010\Projects\AscensionControl\ATCBIND\ATCBIND.vcxproj" on node 2 (build target(s)).
InitializeBuildStatus:
  Creating "Debug\ATCBIND.unsuccessfulbuild" because "AlwaysCreate" was specified.
ClCompile:
  C:\Program Files\Microsoft Visual Studio 10.0\VC\bin\CL.exe /c /ZI /nologo /W3 /WX- /Od /Oy- /D WIN32 /D _WINDOWS /D _DEBUG /D _USRDLL /D _WINDLL /D _UNICODE /D UNICODE /D _AFXDLL /Gm /EHsc /RTC1 /MDd /GS /fp:precise /Zc:wchar_t /Zc:forScope /Yc"StdAfx.h" /Fp"Debug\ATCBIND.pch" /Fo"Debug\\" /Fd"Debug\vc100.pdb" /Gd /TP /analyze- /errorReport:prompt stdafx.cpp
  stdafx.cpp
  C:\Program Files\Microsoft Visual Studio 10.0\VC\bin\CL.exe /c /ZI /nologo /W3 /WX- /Od /Oy- /D WIN32 /D _WINDOWS /D _DEBUG /D _USRDLL /D _WINDLL /D _UNICODE /D UNICODE /D _AFXDLL /Gm /EHsc /RTC1 /MDd /GS /fp:precise /Zc:wchar_t /Zc:forScope /Yu"StdAfx.h" /Fp"Debug\ATCBIND.pch" /Fo"Debug\\" /Fd"Debug\vc100.pdb" /Gd /TP /analyze- /errorReport:prompt ATCBIND.cpp
  ATCBIND.cpp
ResourceCompile:
  C:\Program Files\Microsoft SDKs\Windows\v7.0A\bin\rc.exe /D _DEBUG /D _UNICODE /D UNICODE /D _AFXDLL /l"0x0409" /IDebug\ /nologo /fo"Debug\ATCBIND.res" ATCBIND.rc 
ManifestResourceCompile:
  C:\Program Files\Microsoft SDKs\Windows\v7.0A\bin\rc.exe /nologo /fo"Debug\ATCBIND.dll.embed.manifest.res" Debug\ATCBIND_manifest.rc 
Link:
  C:\Program Files\Microsoft Visual Studio 10.0\VC\bin\link.exe /ERRORREPORT:PROMPT /OUT:"C:\Users\Jesse Lingeman\Documents\Visual Studio 2010\Projects\AscensionControl\Debug\ATCBIND.dll" /INCREMENTAL /NOLOGO /DEF:".\ATCBIND.def" /MANIFEST /ManifestFile:"Debug\ATCBIND.dll.intermediate.manifest" /MANIFESTUAC:"level='asInvoker' uiAccess='false'" /DEBUG /PDB:"C:\Users\Jesse Lingeman\Documents\Visual Studio 2010\Projects\AscensionControl\Debug\ATCBIND.pdb" /SUBSYSTEM:WINDOWS /TLBID:1 /DYNAMICBASE /NXCOMPAT /IMPLIB:"C:\Users\Jesse Lingeman\Documents\Visual Studio 2010\Projects\AscensionControl\Debug\ATCBIND.lib" /MACHINE:X86 /DLL Debug\ATCBIND.res
  Debug\ATCBIND.dll.embed.manifest.res
  Debug\ATCBIND.obj
  Debug\stdafx.obj
     Creating library C:\Users\Jesse Lingeman\Documents\Visual Studio 2010\Projects\AscensionControl\Debug\ATCBIND.lib and object C:\Users\Jesse Lingeman\Documents\Visual Studio 2010\Projects\AscensionControl\Debug\ATCBIND.exp
Manifest:
  C:\Program Files\Microsoft SDKs\Windows\v7.0A\bin\mt.exe /nologo /verbose /out:"Debug\ATCBIND.dll.embed.manifest" /manifest Debug\ATCBIND.dll.intermediate.manifest "C:\Program Files\Microsoft Visual Studio 10.0\VC\Include\Manifest\dpiaware.manifest"
  C:\Program Files\Microsoft SDKs\Windows\v7.0A\bin\rc.exe /nologo /fo"Debug\ATCBIND.dll.embed.manifest.res" Debug\ATCBIND_manifest.rc 
LinkEmbedManifest:
  C:\Program Files\Microsoft Visual Studio 10.0\VC\bin\link.exe /ERRORREPORT:PROMPT /OUT:"C:\Users\Jesse Lingeman\Documents\Visual Studio 2010\Projects\AscensionControl\Debug\ATCBIND.dll" /INCREMENTAL /NOLOGO /DEF:".\ATCBIND.def" /MANIFEST /ManifestFile:"Debug\ATCBIND.dll.intermediate.manifest" /MANIFESTUAC:"level='asInvoker' uiAccess='false'" /DEBUG /PDB:"C:\Users\Jesse Lingeman\Documents\Visual Studio 2010\Projects\AscensionControl\Debug\ATCBIND.pdb" /SUBSYSTEM:WINDOWS /TLBID:1 /DYNAMICBASE /NXCOMPAT /IMPLIB:"C:\Users\Jesse Lingeman\Documents\Visual Studio 2010\Projects\AscensionControl\Debug\ATCBIND.lib" /MACHINE:X86 /DLL Debug\ATCBIND.res
  Debug\ATCBIND.dll.embed.manifest.res
  Debug\ATCBIND.obj
  Debug\stdafx.obj
     Creating library C:\Users\Jesse Lingeman\Documents\Visual Studio 2010\Projects\AscensionControl\Debug\ATCBIND.lib and object C:\Users\Jesse Lingeman\Documents\Visual Studio 2010\Projects\AscensionControl\Debug\ATCBIND.exp
  ATCBIND.vcxproj -> C:\Users\Jesse Lingeman\Documents\Visual Studio 2010\Projects\AscensionControl\Debug\ATCBIND.dll
FinalizeBuildStatus:
  Deleting file "Debug\ATCBIND.unsuccessfulbuild".
  Touching "Debug\ATCBIND.lastbuildstate".
Done Building Project "C:\Users\Jesse Lingeman\Documents\Visual Studio 2010\Projects\AscensionControl\ATCBIND\ATCBIND.vcxproj" (build target(s)).

Build succeeded.

Time Elapsed 00:00:16.58
