Build started 9/11/2011 1:52:40 AM.
     1>Project "C:\Users\Jesse\Documents\Visual Studio 2010\Projects\AscensionControl\AscensionBackend\GetSynchronousRecordSample.vcxproj" on node 2 (build target(s)).
     1>C:\Program Files (x86)\MSBuild\Microsoft.Cpp\v4.0\Microsoft.CppBuild.targets(299,5): warning MSB8004: Output Directory does not end with a trailing slash.  This build instance will add the slash as it is required to allow proper evaluation of the Output Directory.
     1>InitializeBuildStatus:
         Creating ".\Debug\TrackerWrapper.unsuccessfulbuild" because "AlwaysCreate" was specified.
       ClCompile:
         All outputs are up-to-date.
         All outputs are up-to-date.
       ResourceCompile:
         All outputs are up-to-date.
       ManifestResourceCompile:
         All outputs are up-to-date.
       Link:
         All outputs are up-to-date.
       Manifest:
         All outputs are up-to-date.
       BscMake:
         All outputs are up-to-date.
       FinalizeBuildStatus:
         Deleting file ".\Debug\TrackerWrapper.unsuccessfulbuild".
         Touching ".\Debug\TrackerWrapper.lastbuildstate".
     1>Done Building Project "C:\Users\Jesse\Documents\Visual Studio 2010\Projects\AscensionControl\AscensionBackend\GetSynchronousRecordSample.vcxproj" (build target(s)).

Build succeeded.

Time Elapsed 00:00:00.04
