..\AscensionControl\bin\Debug\TrackerWrapper.ilk
..\AscensionControl\bin\Debug\TrackerWrapper.pdb
\\VMWARE-HOST\SHARED FOLDERS\DOCUMENTS\VISUAL STUDIO 2010\PROJECTS\ASCENSIONCONTROL\ASCENSIONBACKEND\DEBUG\VC100.PDB
C:\Users\Jesse Lingeman\VS\AscensionControl\AscensionBackend\..\AscensionControl\bin\Debug\TrackerWrapper.dll
C:\Users\Jesse Lingeman\VS\AscensionControl\AscensionBackend\Debug\BscMake.command.1.tlog
C:\Users\Jesse Lingeman\VS\AscensionControl\AscensionBackend\Debug\bscmake.read.1.tlog
C:\Users\Jesse Lingeman\VS\AscensionControl\AscensionBackend\Debug\bscmake.write.1.tlog
C:\Users\Jesse Lingeman\VS\AscensionControl\AscensionBackend\Debug\cl.command.1.tlog
C:\Users\Jesse Lingeman\VS\AscensionControl\AscensionBackend\Debug\CL.read.1.tlog
C:\Users\Jesse Lingeman\VS\AscensionControl\AscensionBackend\Debug\CL.write.1.tlog
C:\USERS\JESSE LINGEMAN\VS\ASCENSIONCONTROL\ASCENSIONBACKEND\DEBUG\GETSYNCHRONOUSRECORDSAMPLE.BSC
C:\USERS\JESSE LINGEMAN\VS\ASCENSIONCONTROL\ASCENSIONBACKEND\DEBUG\GETSYNCHRONOUSRECORDSAMPLE.PCH
C:\USERS\JESSE LINGEMAN\VS\ASCENSIONCONTROL\ASCENSIONBACKEND\DEBUG\GETSYNCHRONOUSRECORDSAMPLE.RES
C:\Users\Jesse Lingeman\VS\AscensionControl\AscensionBackend\Debug\link.command.1.tlog
C:\Users\Jesse Lingeman\VS\AscensionControl\AscensionBackend\Debug\link.read.1.tlog
C:\Users\Jesse Lingeman\VS\AscensionControl\AscensionBackend\Debug\link.write.1.tlog
C:\Users\Jesse Lingeman\VS\AscensionControl\AscensionBackend\Debug\link-cvtres.read.1.tlog
C:\Users\Jesse Lingeman\VS\AscensionControl\AscensionBackend\Debug\link-cvtres.write.1.tlog
C:\Users\Jesse Lingeman\VS\AscensionControl\AscensionBackend\Debug\mt.command.1.tlog
C:\Users\Jesse Lingeman\VS\AscensionControl\AscensionBackend\Debug\mt.read.1.tlog
C:\Users\Jesse Lingeman\VS\AscensionControl\AscensionBackend\Debug\mt.write.1.tlog
C:\Users\Jesse Lingeman\VS\AscensionControl\AscensionBackend\Debug\rc.command.1.tlog
C:\Users\Jesse Lingeman\VS\AscensionControl\AscensionBackend\Debug\rc.read.1.tlog
C:\Users\Jesse Lingeman\VS\AscensionControl\AscensionBackend\Debug\rc.write.1.tlog
C:\USERS\JESSE LINGEMAN\VS\ASCENSIONCONTROL\ASCENSIONBACKEND\DEBUG\STDAFX.OBJ
C:\USERS\JESSE LINGEMAN\VS\ASCENSIONCONTROL\ASCENSIONBACKEND\DEBUG\STDAFX.SBR
C:\USERS\JESSE LINGEMAN\VS\ASCENSIONCONTROL\ASCENSIONBACKEND\DEBUG\TRACKERINTERFACE.OBJ
C:\USERS\JESSE LINGEMAN\VS\ASCENSIONCONTROL\ASCENSIONBACKEND\DEBUG\TRACKERINTERFACE.SBR
C:\USERS\JESSE LINGEMAN\VS\ASCENSIONCONTROL\ASCENSIONBACKEND\DEBUG\TRACKERWRAPPER.DLL.EMBED.MANIFEST
C:\USERS\JESSE LINGEMAN\VS\ASCENSIONCONTROL\ASCENSIONBACKEND\DEBUG\TRACKERWRAPPER.DLL.EMBED.MANIFEST.RES
C:\USERS\JESSE LINGEMAN\VS\ASCENSIONCONTROL\ASCENSIONBACKEND\DEBUG\TRACKERWRAPPER.DLL.INTERMEDIATE.MANIFEST
C:\Users\Jesse Lingeman\VS\AscensionControl\AscensionBackend\Debug\TrackerWrapper.write.1.tlog
C:\Users\Jesse Lingeman\VS\AscensionControl\AscensionBackend\Debug\TrackerWrapper_manifest.rc
C:\Users\Jesse Lingeman\VS\AscensionControl\AscensionBackend\Debug\vc100.idb
C:\USERS\JESSE LINGEMAN\VS\ASCENSIONCONTROL\ASCENSIONBACKEND\DEBUG\VC100.PDB
C:\USERS\JESSE LINGEMAN\VS\ASCENSIONCONTROL\ASCENSIONCONTROL\BIN\DEBUG\TRACKERWRAPPER.DLL
C:\Users\Jesse Lingeman\VS\AscensionControl\AscensionControl\bin\Debug\TrackerWrapper.exp
C:\USERS\JESSE LINGEMAN\VS\ASCENSIONCONTROL\ASCENSIONCONTROL\BIN\DEBUG\TRACKERWRAPPER.ILK
C:\Users\Jesse Lingeman\VS\AscensionControl\AscensionControl\bin\Debug\TrackerWrapper.lib
C:\USERS\JESSE LINGEMAN\VS\ASCENSIONCONTROL\ASCENSIONCONTROL\BIN\DEBUG\TRACKERWRAPPER.PDB
